[2025-07-09 01:10:50.686 +00:00] [INF] [47] Emby.Server.Implementations.ScheduledTasks.TaskManager: "Download missing subtitles" Completed after 0 minute(s) and 0 seconds
[2025-07-09 01:10:50.706 +00:00] [INF] [45] Emby.Server.Implementations.ScheduledTasks.TaskManager: "Clean Transcode Directory" Completed after 0 minute(s) and 0 seconds
[2025-07-09 01:10:50.725 +00:00] [INF] [41] Emby.Server.Implementations.ScheduledTasks.TaskManager: "Download missing lyrics" Completed after 0 minute(s) and 0 seconds
[2025-07-09 01:10:50.725 +00:00] [INF] [22] Emby.Server.Implementations.ScheduledTasks.TaskManager: "Clean Log Directory" Completed after 0 minute(s) and 0 seconds
[2025-07-09 01:10:50.765 +00:00] [INF] [32] Emby.Server.Implementations.ScheduledTasks.Tasks.OptimizeDatabaseTask: Optimizing and vacuuming jellyfin.db...
[2025-07-09 01:10:50.765 +00:00] [INF] [11] Emby.Server.Implementations.ScheduledTasks.TaskManager: "Audio Normalization" Completed after 0 minute(s) and 0 seconds
[2025-07-09 01:10:50.786 +00:00] [INF] [8] Emby.Server.Implementations.ScheduledTasks.TaskManager: "TasksRefreshChannels" Completed after 0 minute(s) and 0 seconds
[2025-07-09 01:10:50.807 +00:00] [INF] [47] Emby.Server.Implementations.ScheduledTasks.TaskManager: "Clean Cache Directory" Completed after 0 minute(s) and 0 seconds
[2025-07-09 01:10:50.836 +00:00] [INF] [32] Emby.Server.Implementations.ScheduledTasks.Tasks.OptimizeDatabaseTask: jellyfin.db optimized successfully!
[2025-07-09 01:10:50.836 +00:00] [INF] [32] Emby.Server.Implementations.ScheduledTasks.TaskManager: "Optimize database" Completed after 0 minute(s) and 0 seconds
[2025-07-09 01:10:51.396 +00:00] [INF] [46] Emby.Server.Implementations.ScheduledTasks.TaskManager: "Update Plugins" Completed after 0 minute(s) and 0 seconds
[2025-07-09 01:10:53.838 +00:00] [INF] [32] Jellyfin.LiveTv.Guide.GuideManager: Refreshing guide with 7 days of guide data
[2025-07-09 01:10:53.841 +00:00] [INF] [32] Emby.Server.Implementations.ScheduledTasks.TaskManager: "Refresh Guide" Completed after 0 minute(s) and 3 seconds
[2025-07-09 01:11:51.690 +00:00] [INF] [32] Emby.Server.Implementations.IO.LibraryMonitor: Stopping directory watching for path "/media/movies"
[2025-07-09 01:11:51.690 +00:00] [INF] [32] Emby.Server.Implementations.Library.LibraryManager: Validating media library
[2025-07-09 01:11:51.691 +00:00] [INF] [45] Emby.Server.Implementations.ScheduledTasks.TaskManager: "Media Segment Scan" Completed after 0 minute(s) and 0 seconds
[2025-07-09 01:11:51.711 +00:00] [WRN] [32] MediaBrowser.Controller.Entities.BaseItem: Library folder "/config/data/playlists" is inaccessible or empty, skipping
[2025-07-09 01:11:51.715 +00:00] [WRN] [42] MediaBrowser.Controller.Entities.BaseItem: Library folder "/config/data/playlists" is inaccessible or empty, skipping
[2025-07-09 01:11:51.729 +00:00] [INF] [47] Emby.Server.Implementations.ScheduledTasks.TaskManager: "Scan Media Library" Completed after 0 minute(s) and 0 seconds
[2025-07-09 01:11:51.749 +00:00] [INF] [46] Emby.Server.Implementations.IO.LibraryMonitor: Watching directory "/media/movies"
[2025-07-09 01:20:08.763 +00:00] [INF] [26] Emby.Server.Implementations.HttpServer.WebSocketManager: WS "192.168.1.81" request
[2025-07-09 01:20:21.218 +00:00] [INF] [26] Jellyfin.Api.Helpers.MediaInfoHelper: User policy for "admin". EnablePlaybackRemuxing: True EnableVideoPlaybackTranscoding: True EnableAudioPlaybackTranscoding: True
[2025-07-09 01:25:16.510 +00:00] [INF] [47] Emby.Server.Implementations.Session.SessionManager: Playback stopped reported by app "Jellyfin Web" "10.10.7" playing "rick.and.morty.s08e03". Stopped at "1283615" ms
[2025-07-09 01:27:56.764 +00:00] [INF] [11] Emby.Server.Implementations.Session.SessionWebSocketListener: Sending ForceKeepAlive message to 1 inactive WebSockets.
[2025-07-09 01:28:08.763 +00:00] [INF] [22] Emby.Server.Implementations.Session.SessionWebSocketListener: Sending ForceKeepAlive message to 1 inactive WebSockets.
[2025-07-09 01:28:20.763 +00:00] [INF] [22] Emby.Server.Implementations.Session.SessionWebSocketListener: Lost 1 WebSockets.
[2025-07-09 01:33:21.571 +00:00] [INF] [27] Emby.Server.Implementations.IO.LibraryMonitor: "movies" ("/media/movies") will be refreshed.
[2025-07-09 01:33:21.579 +00:00] [INF] [30] MediaBrowser.MediaEncoding.Encoder.MediaEncoder: Starting "/usr/lib/jellyfin-ffmpeg/ffprobe" with args "-analyzeduration 200M -probesize 1G -i file:\"/media/movies/Lilo Stitch (2025) [1080p] [WEBRip] [YTS.MX]/Lilo.Stitch.2025.1080p.WEBRip.x264.AAC-[YTS.MX].mp4\" -threads 0 -v warning -print_format json -show_streams -show_chapters -show_format"
[2025-07-09 01:44:14.136 +00:00] [INF] [18] Emby.Server.Implementations.IO.LibraryMonitor: "movies" ("/media/movies") will be refreshed.
[2025-07-09 01:44:14.149 +00:00] [INF] [41] MediaBrowser.MediaEncoding.Encoder.MediaEncoder: Starting "/usr/lib/jellyfin-ffmpeg/ffprobe" with args "-analyzeduration 200M -probesize 1G -i file:\"/media/movies/Murderbot.S01E06.1080p.HEVC.x265-MeGusta[EZTVx.to].mkv\" -threads 0 -v warning -print_format json -show_streams -show_chapters -show_format"
[2025-07-09 01:44:14.149 +00:00] [INF] [20] MediaBrowser.MediaEncoding.Encoder.MediaEncoder: Starting "/usr/lib/jellyfin-ffmpeg/ffprobe" with args "-analyzeduration 200M -probesize 1G -i file:\"/media/movies/Murderbot.S01E09.1080p.HEVC.x265-MeGusta[EZTVx.to].mkv\" -threads 0 -v warning -print_format json -show_streams -show_chapters -show_format"
[2025-07-09 01:44:14.149 +00:00] [INF] [29] MediaBrowser.MediaEncoding.Encoder.MediaEncoder: Starting "/usr/lib/jellyfin-ffmpeg/ffprobe" with args "-analyzeduration 200M -probesize 1G -i file:\"/media/movies/Rick.and.Morty.S08E07.1080p.HEVC.x265-MeGusta[EZTVx.to].mkv\" -threads 0 -v warning -print_format json -show_streams -show_chapters -show_format"
[2025-07-09 01:44:14.150 +00:00] [INF] [37] MediaBrowser.MediaEncoding.Encoder.MediaEncoder: Starting "/usr/lib/jellyfin-ffmpeg/ffprobe" with args "-analyzeduration 200M -probesize 1G -i file:\"/media/movies/Murderbot.S01E05.1080p.HEVC.x265-MeGusta[EZTVx.to].mkv\" -threads 0 -v warning -print_format json -show_streams -show_chapters -show_format"
[2025-07-09 01:44:14.150 +00:00] [INF] [18] MediaBrowser.MediaEncoding.Encoder.MediaEncoder: Starting "/usr/lib/jellyfin-ffmpeg/ffprobe" with args "-analyzeduration 200M -probesize 1G -i file:\"/media/movies/Rick.and.Morty.S08E06.1080p.HEVC.x265-MeGusta[EZTVx.to].mkv\" -threads 0 -v warning -print_format json -show_streams -show_chapters -show_format"
[2025-07-09 01:44:14.150 +00:00] [INF] [24] MediaBrowser.MediaEncoding.Encoder.MediaEncoder: Starting "/usr/lib/jellyfin-ffmpeg/ffprobe" with args "-analyzeduration 200M -probesize 1G -i file:\"/media/movies/Murderbot.S01E04.1080p.HEVC.x265-MeGusta[EZTVx.to].mkv\" -threads 0 -v warning -print_format json -show_streams -show_chapters -show_format"
[2025-07-09 01:44:14.152 +00:00] [INF] [25] MediaBrowser.MediaEncoding.Encoder.MediaEncoder: Starting "/usr/lib/jellyfin-ffmpeg/ffprobe" with args "-analyzeduration 200M -probesize 1G -i file:\"/media/movies/Murderbot.S01E07.1080p.HEVC.x265-MeGusta[EZTVx.to].mkv\" -threads 0 -v warning -print_format json -show_streams -show_chapters -show_format"
[2025-07-09 01:44:14.150 +00:00] [INF] [14] MediaBrowser.MediaEncoding.Encoder.MediaEncoder: Starting "/usr/lib/jellyfin-ffmpeg/ffprobe" with args "-analyzeduration 200M -probesize 1G -i file:\"/media/movies/rick.and.morty.s08e05.1080p.web.h264-successfulcrab[EZTVx.to].mkv\" -threads 0 -v warning -print_format json -show_streams -show_chapters -show_format"
[2025-07-09 01:44:16.450 +00:00] [INF] [24] MediaBrowser.MediaEncoding.Encoder.MediaEncoder: Starting "/usr/lib/jellyfin-ffmpeg/ffprobe" with args "-analyzeduration 200M -probesize 1G -i file:\"/media/movies/Rick.and.Morty.S08E04.1080p.HEVC.x265-MeGusta[EZTVx.to].mkv\" -threads 0 -v warning -print_format json -show_streams -show_chapters -show_format"
[2025-07-09 01:44:17.434 +00:00] [INF] [14] MediaBrowser.MediaEncoding.Encoder.MediaEncoder: Starting "/usr/lib/jellyfin-ffmpeg/ffprobe" with args "-analyzeduration 200M -probesize 1G -i file:\"/media/movies/Murderbot S01E08 Foreign Object 720p ATVP WEB-DL DDP5 1 Atmos H 264-RAWR[EZTVx.to].mkv\" -threads 0 -v warning -print_format json -show_streams -show_chapters -show_format"
[2025-07-09 01:48:02.538 +00:00] [WRN] [51] Emby.Server.Implementations.HttpServer.WebSocketConnection: WS "192.168.1.81" error receiving data: "The remote party closed the WebSocket connection without completing the close handshake."
[2025-07-09 01:48:02.555 +00:00] [INF] [51] Emby.Server.Implementations.HttpServer.WebSocketManager: WS "192.168.1.81" closed
[2025-07-09 01:53:29.232 +00:00] [INF] [19] Emby.Server.Implementations.IO.LibraryMonitor: "movies" ("/media/movies") will be refreshed.
[2025-07-09 01:53:29.241 +00:00] [INF] [54] MediaBrowser.MediaEncoding.Encoder.MediaEncoder: Starting "/usr/lib/jellyfin-ffmpeg/ffprobe" with args "-analyzeduration 200M -probesize 1G -i file:\"/media/movies/The.Unholy.Trinity.2025.1080p.WEB-DL.DDP5.1.x265-NeoNoir.mkv\" -threads 0 -v warning -print_format json -show_streams -show_chapters -show_format"
[2025-07-09 01:53:29.241 +00:00] [INF] [50] MediaBrowser.MediaEncoding.Encoder.MediaEncoder: Starting "/usr/lib/jellyfin-ffmpeg/ffprobe" with args "-analyzeduration 200M -probesize 1G -i file:\"/media/movies/The Amateur (2025) [1080p] [WEBRip] [5.1] [YTS.MX]/The.Amateur.2025.1080p.WEBRip.x264.AAC5.1-[YTS.MX].mp4\" -threads 0 -v warning -print_format json -show_streams -show_chapters -show_format"
[2025-07-09 01:53:29.320 +00:00] [INF] [19] MediaBrowser.MediaEncoding.Encoder.MediaEncoder: Starting "/usr/lib/jellyfin-ffmpeg/ffprobe" with args "-analyzeduration 200M -probesize 1G -i file:\"/media/movies/The Amateur (2025) [1080p] [WEBRip] [5.1] [YTS.MX]/The.Amateur.2025.1080p.WEBRip.x264.AAC5.1-[YTS.MX].srt\" -threads 0 -v warning -print_format json -show_streams -show_format"
[2025-07-09 01:59:57.782 +00:00] [INF] [20] Emby.Server.Implementations.HttpServer.WebSocketManager: WS "192.168.1.81" request
[2025-07-09 02:00:00.002 +00:00] [INF] [20] Emby.Server.Implementations.ScheduledTasks.TaskManager: "Extract Chapter Images" Completed after 0 minute(s) and 0 seconds
[2025-07-09 02:00:01.000 +00:00] [INF] [20] Emby.Server.Implementations.ScheduledTasks.TaskManager: Daily trigger for "Extract Chapter Images" set to fire at 2025-07-10 02:00:00.000 +00:00, which is 23:59:58.9995132 from now.
[2025-07-09 02:00:11.367 +00:00] [INF] [21] Emby.Server.Implementations.HttpServer.WebSocketManager: WS "192.168.1.81" closed
[2025-07-09 02:00:14.155 +00:00] [INF] [14] Emby.Server.Implementations.HttpServer.WebSocketManager: WS "192.168.1.81" request
[2025-07-09 02:00:37.937 +00:00] [INF] [20] Jellyfin.Api.Helpers.MediaInfoHelper: User policy for "admin". EnablePlaybackRemuxing: True EnableVideoPlaybackTranscoding: True EnableAudioPlaybackTranscoding: True
[2025-07-09 03:00:00.002 +00:00] [INF] [39] Emby.Server.Implementations.ScheduledTasks.TaskManager: "Generate Trickplay Images" Completed after 0 minute(s) and 0 seconds
[2025-07-09 03:00:01.001 +00:00] [INF] [30] Emby.Server.Implementations.ScheduledTasks.TaskManager: Daily trigger for "Generate Trickplay Images" set to fire at 2025-07-10 03:00:00.000 +00:00, which is 23:59:58.9988636 from now.
[2025-07-09 04:00:40.521 +00:00] [INF] [33] Emby.Server.Implementations.Session.SessionManager: Playback stopped reported by app "Jellyfin Web" "10.10.7" playing "Lilo & Stitch". Stopped at "6058859" ms
[2025-07-09 04:01:13.288 +00:00] [INF] [27] Jellyfin.Api.Helpers.MediaInfoHelper: User policy for "admin". EnablePlaybackRemuxing: True EnableVideoPlaybackTranscoding: True EnableAudioPlaybackTranscoding: True
[2025-07-09 04:24:02.155 +00:00] [INF] [8] Emby.Server.Implementations.Session.SessionWebSocketListener: Sending ForceKeepAlive message to 1 inactive WebSockets.
[2025-07-09 04:24:02.160 +00:00] [WRN] [18] Emby.Server.Implementations.HttpServer.WebSocketConnection: WS "192.168.1.81" error receiving data: "The remote party closed the WebSocket connection without completing the close handshake."
[2025-07-09 04:24:02.170 +00:00] [INF] [18] Emby.Server.Implementations.HttpServer.WebSocketManager: WS "192.168.1.81" closed
[2025-07-09 13:12:52.690 +00:00] [INF] [26] Emby.Server.Implementations.IO.LibraryMonitor: Stopping directory watching for path "/media/movies"
[2025-07-09 13:12:52.691 +00:00] [INF] [26] Emby.Server.Implementations.Library.LibraryManager: Validating media library
[2025-07-09 13:12:52.693 +00:00] [WRN] [26] MediaBrowser.Controller.Entities.BaseItem: Library folder "/config/data/playlists" is inaccessible or empty, skipping
[2025-07-09 13:12:52.694 +00:00] [INF] [53] Emby.Server.Implementations.ScheduledTasks.TaskManager: "Media Segment Scan" Completed after 0 minute(s) and 0 seconds
[2025-07-09 13:12:52.735 +00:00] [WRN] [46] MediaBrowser.Controller.Entities.BaseItem: Library folder "/config/data/playlists" is inaccessible or empty, skipping
[2025-07-09 13:12:56.503 +00:00] [INF] [40] Jellyfin.Drawing.ImageProcessor: Creating image collage and saving to "/tmp/jellyfin/0dc543bac105417789c8042bdae9adbe.png"
[2025-07-09 13:12:57.119 +00:00] [INF] [40] Jellyfin.Drawing.ImageProcessor: Completed creation of image collage and saved to "/tmp/jellyfin/0dc543bac105417789c8042bdae9adbe.png"
[2025-07-09 13:12:57.151 +00:00] [INF] [59] Jellyfin.Drawing.ImageProcessor: Creating image collage and saving to "/tmp/jellyfin/95698a16a5cd41e4bf7dc2c64a85d2dc.png"
[2025-07-09 13:12:57.308 +00:00] [INF] [59] Jellyfin.Drawing.ImageProcessor: Completed creation of image collage and saved to "/tmp/jellyfin/95698a16a5cd41e4bf7dc2c64a85d2dc.png"
[2025-07-09 13:12:57.766 +00:00] [INF] [26] Emby.Server.Implementations.ScheduledTasks.TaskManager: "Scan Media Library" Completed after 0 minute(s) and 5 seconds
[2025-07-09 13:12:57.788 +00:00] [INF] [40] Emby.Server.Implementations.IO.LibraryMonitor: Watching directory "/media/movies"
